<?xml version="1.0" encoding="UTF-8" ?>
<testsuite tests="4" failures="0" name="prueba_Opcion_Test" time="0.049" errors="4" skipped="0">
  <properties>
[...]
</properties>
  <testcase classname="prueba_Opcion_Test" name="changeOpcionTest" time="0.014">
    <error type="java.lang.ExceptionInInitializerError">java.lang.ExceptionInInitializerError
	at ucab.dsw.servicio.prueba_Opcion.changeOpcion(prueba_Opcion.java:47)
	at prueba_Opcion_Test.changeOpcionTest(prueba_Opcion_Test.java:36)
	at sun.reflect.NativeMethodAccessorImpl.invoke0(Native Method)
	at sun.reflect.NativeMethodAccessorImpl.invoke(NativeMethodAccessorImpl.java:62)
	at sun.reflect.DelegatingMethodAccessorImpl.invoke(DelegatingMethodAccessorImpl.java:43)
	at java.lang.reflect.Method.invoke(Method.java:498)
	at org.junit.runners.model.FrameworkMethod$1.runReflectiveCall(FrameworkMethod.java:59)
	at org.junit.internal.runners.model.ReflectiveCallable.run(ReflectiveCallable.java:12)
	at org.junit.runners.model.FrameworkMethod.invokeExplosively(FrameworkMethod.java:56)
	at org.junit.internal.runners.statements.InvokeMethod.evaluate(InvokeMethod.java:17)
	at org.junit.runners.ParentRunner$3.evaluate(ParentRunner.java:305)
	at org.junit.runners.BlockJUnit4ClassRunner$1.evaluate(BlockJUnit4ClassRunner.java:100)
	at org.junit.runners.ParentRunner.runLeaf(ParentRunner.java:365)
	at org.junit.runners.BlockJUnit4ClassRunner.runChild(BlockJUnit4ClassRunner.java:103)
	at org.junit.runners.BlockJUnit4ClassRunner.runChild(BlockJUnit4ClassRunner.java:63)
	at org.junit.runners.ParentRunner$4.run(ParentRunner.java:330)
	at org.junit.runners.ParentRunner$1.schedule(ParentRunner.java:78)
	at org.junit.runners.ParentRunner.runChildren(ParentRunner.java:328)
	at org.junit.runners.ParentRunner.access$100(ParentRunner.java:65)
	at org.junit.runners.ParentRunner$2.evaluate(ParentRunner.java:292)
	at org.junit.runners.ParentRunner$3.evaluate(ParentRunner.java:305)
	at org.junit.runners.ParentRunner.run(ParentRunner.java:412)
	at org.apache.maven.surefire.junit4.JUnit4Provider.execute(JUnit4Provider.java:252)
	at org.apache.maven.surefire.junit4.JUnit4Provider.executeTestSet(JUnit4Provider.java:141)
	at org.apache.maven.surefire.junit4.JUnit4Provider.invoke(JUnit4Provider.java:112)
	at sun.reflect.NativeMethodAccessorImpl.invoke0(Native Method)
	at sun.reflect.NativeMethodAccessorImpl.invoke(NativeMethodAccessorImpl.java:62)
	at sun.reflect.DelegatingMethodAccessorImpl.invoke(DelegatingMethodAccessorImpl.java:43)
	at java.lang.reflect.Method.invoke(Method.java:498)
	at org.apache.maven.surefire.util.ReflectionUtils.invokeMethodWithArray(ReflectionUtils.java:189)
	at org.apache.maven.surefire.booter.ProviderFactory$ProviderProxy.invoke(ProviderFactory.java:165)
	at org.apache.maven.surefire.booter.ProviderFactory.invokeProvider(ProviderFactory.java:85)
	at org.apache.maven.surefire.booter.ForkedBooter.runSuitesInProcess(ForkedBooter.java:115)
	at org.apache.maven.surefire.booter.ForkedBooter.main(ForkedBooter.java:75)
Caused by: Exception [EclipseLink-30005] (Eclipse Persistence Services - 2.6.4.v20160829-44060b6): org.eclipse.persistence.exceptions.PersistenceUnitLoadingException
Exception Description: An exception was thrown while searching for persistence archives with ClassLoader: sun.misc.Launcher$AppClassLoader@6bc7c054
Internal Exception: javax.persistence.PersistenceException: Exception [EclipseLink-28018] (Eclipse Persistence Services - 2.6.4.v20160829-44060b6): org.eclipse.persistence.exceptions.EntityManagerSetupException
Exception Description: Predeployment of PersistenceUnit [ormprueba] failed.
Internal Exception: Exception [EclipseLink-7154] (Eclipse Persistence Services - 2.6.4.v20160829-44060b6): org.eclipse.persistence.exceptions.ValidationException
Exception Description: The attribute [_opciones] in entity class [class ucab.dsw.entidades.Pregunta] has a mappedBy value of [_pregunta] which does not exist in its owning entity class [class ucab.dsw.entidades.Opcion]. If the owning entity class is a @MappedSuperclass, this is invalid, and your attribute should reference the correct subclass.
	at org.eclipse.persistence.exceptions.PersistenceUnitLoadingException.exceptionSearchingForPersistenceResources(PersistenceUnitLoadingException.java:127)
	at org.eclipse.persistence.jpa.PersistenceProvider.createEntityManagerFactoryImpl(PersistenceProvider.java:115)
	at org.eclipse.persistence.jpa.PersistenceProvider.createEntityManagerFactory(PersistenceProvider.java:188)
	at javax.persistence.Persistence.createEntityManagerFactory(Persistence.java:79)
	at javax.persistence.Persistence.createEntityManagerFactory(Persistence.java:54)
	at ucab.dsw.accesodatos.DaoHandler.&lt;init&gt;(DaoHandler.java:25)
	at ucab.dsw.accesodatos.DaoOpcion.&lt;clinit&gt;(DaoOpcion.java:8)
	... 34 more
Caused by: javax.persistence.PersistenceException: Exception [EclipseLink-28018] (Eclipse Persistence Services - 2.6.4.v20160829-44060b6): org.eclipse.persistence.exceptions.EntityManagerSetupException
Exception Description: Predeployment of PersistenceUnit [ormprueba] failed.
Internal Exception: Exception [EclipseLink-7154] (Eclipse Persistence Services - 2.6.4.v20160829-44060b6): org.eclipse.persistence.exceptions.ValidationException
Exception Description: The attribute [_opciones] in entity class [class ucab.dsw.entidades.Pregunta] has a mappedBy value of [_pregunta] which does not exist in its owning entity class [class ucab.dsw.entidades.Opcion]. If the owning entity class is a @MappedSuperclass, this is invalid, and your attribute should reference the correct subclass.
	at org.eclipse.persistence.internal.jpa.EntityManagerSetupImpl.createPredeployFailedPersistenceException(EntityManagerSetupImpl.java:2035)
	at org.eclipse.persistence.internal.jpa.EntityManagerSetupImpl.predeploy(EntityManagerSetupImpl.java:2026)
	at org.eclipse.persistence.internal.jpa.deployment.JPAInitializer.callPredeploy(JPAInitializer.java:100)
	at org.eclipse.persistence.jpa.PersistenceProvider.createEntityManagerFactoryImpl(PersistenceProvider.java:104)
	... 39 more
Caused by: Exception [EclipseLink-28018] (Eclipse Persistence Services - 2.6.4.v20160829-44060b6): org.eclipse.persistence.exceptions.EntityManagerSetupException
Exception Description: Predeployment of PersistenceUnit [ormprueba] failed.
Internal Exception: Exception [EclipseLink-7154] (Eclipse Persistence Services - 2.6.4.v20160829-44060b6): org.eclipse.persistence.exceptions.ValidationException
Exception Description: The attribute [_opciones] in entity class [class ucab.dsw.entidades.Pregunta] has a mappedBy value of [_pregunta] which does not exist in its owning entity class [class ucab.dsw.entidades.Opcion]. If the owning entity class is a @MappedSuperclass, this is invalid, and your attribute should reference the correct subclass.
	at org.eclipse.persistence.exceptions.EntityManagerSetupException.predeployFailed(EntityManagerSetupException.java:231)
	... 43 more
Caused by: Exception [EclipseLink-7154] (Eclipse Persistence Services - 2.6.4.v20160829-44060b6): org.eclipse.persistence.exceptions.ValidationException
Exception Description: The attribute [_opciones] in entity class [class ucab.dsw.entidades.Pregunta] has a mappedBy value of [_pregunta] which does not exist in its owning entity class [class ucab.dsw.entidades.Opcion]. If the owning entity class is a @MappedSuperclass, this is invalid, and your attribute should reference the correct subclass.
	at org.eclipse.persistence.exceptions.ValidationException.noMappedByAttributeFound(ValidationException.java:1374)
	at org.eclipse.persistence.internal.jpa.metadata.accessors.mappings.RelationshipAccessor.getOwningMapping(RelationshipAccessor.java:475)
	at org.eclipse.persistence.internal.jpa.metadata.accessors.mappings.OneToManyAccessor.processOneToManyMapping(OneToManyAccessor.java:210)
	at org.eclipse.persistence.internal.jpa.metadata.accessors.mappings.OneToManyAccessor.process(OneToManyAccessor.java:143)
	at org.eclipse.persistence.internal.jpa.metadata.MetadataProject.processNonOwningRelationshipAccessors(MetadataProject.java:1581)
	at org.eclipse.persistence.internal.jpa.metadata.MetadataProject.processStage3(MetadataProject.java:1870)
	at org.eclipse.persistence.internal.jpa.metadata.MetadataProcessor.processORMMetadata(MetadataProcessor.java:577)
	at org.eclipse.persistence.internal.jpa.deployment.PersistenceUnitProcessor.processORMetadata(PersistenceUnitProcessor.java:607)
	at org.eclipse.persistence.internal.jpa.EntityManagerSetupImpl.predeploy(EntityManagerSetupImpl.java:1948)
	... 41 more
</error>
    <system-out>[EL Fine]: moxy: 2020-11-19 22:38:37.887--Thread(Thread[main,5,main])--SAXParserFactory instance: com.sun.org.apache.xerces.internal.jaxp.SAXParserFactoryImpl@27c86f2d
[EL Fine]: server: 2020-11-19 22:38:37.893--Thread(Thread[main,5,main])--Configured server platform: org.eclipse.persistence.platform.server.NoServerPlatform
[EL Config]: metadata: 2020-11-19 22:38:37.903--ServerSession(487075464)--Thread(Thread[main,5,main])--The access type for the persistent class [class ucab.dsw.entidades.EntidadBase] is set to [FIELD].
[EL Config]: metadata: 2020-11-19 22:38:37.906--ServerSession(487075464)--Thread(Thread[main,5,main])--The access type for the persistent class [class ucab.dsw.entidades.Pregunta] is set to [FIELD].
[EL Config]: metadata: 2020-11-19 22:38:37.907--ServerSession(487075464)--Thread(Thread[main,5,main])--The target entity (reference) class for the many to one mapping element [field _idTipoPregunta] is being defaulted to: class ucab.dsw.entidades.TipoPregunta.
[EL Config]: metadata: 2020-11-19 22:38:37.908--ServerSession(487075464)--Thread(Thread[main,5,main])--The target entity (reference) class for the many to one mapping element [field _idUsuario] is being defaulted to: class ucab.dsw.entidades.Usuario.
[EL Config]: metadata: 2020-11-19 22:38:37.908--ServerSession(487075464)--Thread(Thread[main,5,main])--The target entity (reference) class for the many to one mapping element [field _idSubCategoria] is being defaulted to: class ucab.dsw.entidades.SubCategoria.
[EL Config]: metadata: 2020-11-19 22:38:37.909--ServerSession(487075464)--Thread(Thread[main,5,main])--The target entity (reference) class for the one to many mapping element [field _opciones] is being defaulted to: class ucab.dsw.entidades.Opcion.
[EL Config]: metadata: 2020-11-19 22:38:37.911--ServerSession(487075464)--Thread(Thread[main,5,main])--The access type for the persistent class [class ucab.dsw.entidades.TipoPregunta] is set to [FIELD].
[EL Config]: metadata: 2020-11-19 22:38:37.912--ServerSession(487075464)--Thread(Thread[main,5,main])--The access type for the persistent class [class ucab.dsw.entidades.Solicitud] is set to [FIELD].
[EL Config]: metadata: 2020-11-19 22:38:37.913--ServerSession(487075464)--Thread(Thread[main,5,main])--The target entity (reference) class for the many to one mapping element [field _idUsuario] is being defaulted to: class ucab.dsw.entidades.Usuario.
[EL Config]: metadata: 2020-11-19 22:38:37.914--ServerSession(487075464)--Thread(Thread[main,5,main])--The target entity (reference) class for the many to one mapping element [field _idSubCategoria] is being defaulted to: class ucab.dsw.entidades.SubCategoria.
[EL Config]: metadata: 2020-11-19 22:38:37.917--ServerSession(487075464)--Thread(Thread[main,5,main])--The access type for the persistent class [class ucab.dsw.entidades.SubCategoria] is set to [FIELD].
[EL Config]: metadata: 2020-11-19 22:38:37.918--ServerSession(487075464)--Thread(Thread[main,5,main])--The target entity (reference) class for the many to one mapping element [field _Categoria] is being defaulted to: class ucab.dsw.entidades.Categoria.
[EL Config]: metadata: 2020-11-19 22:38:37.919--ServerSession(487075464)--Thread(Thread[main,5,main])--The access type for the persistent class [class ucab.dsw.entidades.Categoria] is set to [FIELD].
[EL Config]: metadata: 2020-11-19 22:38:37.919--ServerSession(487075464)--Thread(Thread[main,5,main])--The target entity (reference) class for the one to many mapping element [field _subcategoria] is being defaulted to: class ucab.dsw.entidades.SubCategoria.
[EL Config]: metadata: 2020-11-19 22:38:37.92--ServerSession(487075464)--Thread(Thread[main,5,main])--The access type for the persistent class [class ucab.dsw.entidades.Opcion] is set to [FIELD].
[EL Config]: metadata: 2020-11-19 22:38:37.92--ServerSession(487075464)--Thread(Thread[main,5,main])--The target entity (reference) class for the many to one mapping element [field _idPregunta] is being defaulted to: class ucab.dsw.entidades.Pregunta.
[EL Config]: metadata: 2020-11-19 22:38:37.921--ServerSession(487075464)--Thread(Thread[main,5,main])--The access type for the persistent class [class ucab.dsw.entidades.TipoUsuario] is set to [FIELD].
[EL Config]: metadata: 2020-11-19 22:38:37.921--ServerSession(487075464)--Thread(Thread[main,5,main])--The target entity (reference) class for the one to many mapping element [field _usuarios] is being defaulted to: class ucab.dsw.entidades.Usuario.
[EL Config]: metadata: 2020-11-19 22:38:37.922--ServerSession(487075464)--Thread(Thread[main,5,main])--The access type for the persistent class [class ucab.dsw.entidades.Usuario] is set to [FIELD].
[EL Config]: metadata: 2020-11-19 22:38:37.923--ServerSession(487075464)--Thread(Thread[main,5,main])--The target entity (reference) class for the many to one mapping element [field _tipousuario] is being defaulted to: class ucab.dsw.entidades.TipoUsuario.
[EL Config]: metadata: 2020-11-19 22:38:37.923--ServerSession(487075464)--Thread(Thread[main,5,main])--The alias name for the entity class [class ucab.dsw.entidades.Pregunta] is being defaulted to: Pregunta.
[EL Config]: metadata: 2020-11-19 22:38:37.925--ServerSession(487075464)--Thread(Thread[main,5,main])--The alias name for the entity class [class ucab.dsw.entidades.TipoPregunta] is being defaulted to: TipoPregunta.
[EL Config]: metadata: 2020-11-19 22:38:37.925--ServerSession(487075464)--Thread(Thread[main,5,main])--The alias name for the entity class [class ucab.dsw.entidades.Solicitud] is being defaulted to: Solicitud.
[EL Config]: metadata: 2020-11-19 22:38:37.926--ServerSession(487075464)--Thread(Thread[main,5,main])--The alias name for the entity class [class ucab.dsw.entidades.SubCategoria] is being defaulted to: SubCategoria.
[EL Config]: metadata: 2020-11-19 22:38:37.927--ServerSession(487075464)--Thread(Thread[main,5,main])--The alias name for the entity class [class ucab.dsw.entidades.Categoria] is being defaulted to: Categoria.
[EL Config]: metadata: 2020-11-19 22:38:37.928--ServerSession(487075464)--Thread(Thread[main,5,main])--The alias name for the entity class [class ucab.dsw.entidades.Opcion] is being defaulted to: Opcion.
[EL Config]: metadata: 2020-11-19 22:38:37.929--ServerSession(487075464)--Thread(Thread[main,5,main])--The alias name for the entity class [class ucab.dsw.entidades.TipoUsuario] is being defaulted to: TipoUsuario.
[EL Config]: metadata: 2020-11-19 22:38:37.93--ServerSession(487075464)--Thread(Thread[main,5,main])--The alias name for the entity class [class ucab.dsw.entidades.Usuario] is being defaulted to: Usuario.
[EL Config]: metadata: 2020-11-19 22:38:37.934--ServerSession(487075464)--Thread(Thread[main,5,main])--The primary key column name for the mapping element [field _idTipoPregunta] is being defaulted to: Id.
[EL Config]: metadata: 2020-11-19 22:38:37.934--ServerSession(487075464)--Thread(Thread[main,5,main])--The primary key column name for the mapping element [field _idUsuario] is being defaulted to: Id.
[EL Config]: metadata: 2020-11-19 22:38:37.935--ServerSession(487075464)--Thread(Thread[main,5,main])--The primary key column name for the mapping element [field _idSubCategoria] is being defaulted to: Id.
[EL Config]: metadata: 2020-11-19 22:38:37.937--ServerSession(487075464)--Thread(Thread[main,5,main])--The primary key column name for the mapping element [field _idUsuario] is being defaulted to: Id.
[EL Config]: metadata: 2020-11-19 22:38:37.938--ServerSession(487075464)--Thread(Thread[main,5,main])--The primary key column name for the mapping element [field _idSubCategoria] is being defaulted to: Id.
[EL Config]: metadata: 2020-11-19 22:38:37.938--ServerSession(487075464)--Thread(Thread[main,5,main])--The primary key column name for the mapping element [field _Categoria] is being defaulted to: Id.
[EL Config]: metadata: 2020-11-19 22:38:37.939--ServerSession(487075464)--Thread(Thread[main,5,main])--The primary key column name for the mapping element [field _idPregunta] is being defaulted to: Id.
[EL Config]: metadata: 2020-11-19 22:38:37.94--ServerSession(487075464)--Thread(Thread[main,5,main])--The primary key column name for the mapping element [field _tipousuario] is being defaulted to: Id.
</system-out>
  </testcase>
  <testcase classname="prueba_Opcion_Test" name="deleteOpcionTest" time="0.001">
    <error message="Could not initialize class ucab.dsw.accesodatos.DaoOpcion" type="java.lang.NoClassDefFoundError">java.lang.NoClassDefFoundError: Could not initialize class ucab.dsw.accesodatos.DaoOpcion
	at ucab.dsw.servicio.prueba_Opcion.deleteOpcion(prueba_Opcion.java:67)
	at prueba_Opcion_Test.deleteOpcionTest(prueba_Opcion_Test.java:44)
	at sun.reflect.NativeMethodAccessorImpl.invoke0(Native Method)
	at sun.reflect.NativeMethodAccessorImpl.invoke(NativeMethodAccessorImpl.java:62)
	at sun.reflect.DelegatingMethodAccessorImpl.invoke(DelegatingMethodAccessorImpl.java:43)
	at java.lang.reflect.Method.invoke(Method.java:498)
	at org.junit.runners.model.FrameworkMethod$1.runReflectiveCall(FrameworkMethod.java:59)
	at org.junit.internal.runners.model.ReflectiveCallable.run(ReflectiveCallable.java:12)
	at org.junit.runners.model.FrameworkMethod.invokeExplosively(FrameworkMethod.java:56)
	at org.junit.internal.runners.statements.InvokeMethod.evaluate(InvokeMethod.java:17)
	at org.junit.runners.ParentRunner$3.evaluate(ParentRunner.java:305)
	at org.junit.runners.BlockJUnit4ClassRunner$1.evaluate(BlockJUnit4ClassRunner.java:100)
	at org.junit.runners.ParentRunner.runLeaf(ParentRunner.java:365)
	at org.junit.runners.BlockJUnit4ClassRunner.runChild(BlockJUnit4ClassRunner.java:103)
	at org.junit.runners.BlockJUnit4ClassRunner.runChild(BlockJUnit4ClassRunner.java:63)
	at org.junit.runners.ParentRunner$4.run(ParentRunner.java:330)
	at org.junit.runners.ParentRunner$1.schedule(ParentRunner.java:78)
	at org.junit.runners.ParentRunner.runChildren(ParentRunner.java:328)
	at org.junit.runners.ParentRunner.access$100(ParentRunner.java:65)
	at org.junit.runners.ParentRunner$2.evaluate(ParentRunner.java:292)
	at org.junit.runners.ParentRunner$3.evaluate(ParentRunner.java:305)
	at org.junit.runners.ParentRunner.run(ParentRunner.java:412)
	at org.apache.maven.surefire.junit4.JUnit4Provider.execute(JUnit4Provider.java:252)
	at org.apache.maven.surefire.junit4.JUnit4Provider.executeTestSet(JUnit4Provider.java:141)
	at org.apache.maven.surefire.junit4.JUnit4Provider.invoke(JUnit4Provider.java:112)
	at sun.reflect.NativeMethodAccessorImpl.invoke0(Native Method)
	at sun.reflect.NativeMethodAccessorImpl.invoke(NativeMethodAccessorImpl.java:62)
	at sun.reflect.DelegatingMethodAccessorImpl.invoke(DelegatingMethodAccessorImpl.java:43)
	at java.lang.reflect.Method.invoke(Method.java:498)
	at org.apache.maven.surefire.util.ReflectionUtils.invokeMethodWithArray(ReflectionUtils.java:189)
	at org.apache.maven.surefire.booter.ProviderFactory$ProviderProxy.invoke(ProviderFactory.java:165)
	at org.apache.maven.surefire.booter.ProviderFactory.invokeProvider(ProviderFactory.java:85)
	at org.apache.maven.surefire.booter.ForkedBooter.runSuitesInProcess(ForkedBooter.java:115)
	at org.apache.maven.surefire.booter.ForkedBooter.main(ForkedBooter.java:75)
</error>
  </testcase>
  <testcase classname="prueba_Opcion_Test" name="findOpcionTest" time="0.017">
    <error message="Could not initialize class ucab.dsw.accesodatos.DaoOpcion" type="java.lang.NoClassDefFoundError">java.lang.NoClassDefFoundError: Could not initialize class ucab.dsw.accesodatos.DaoOpcion
	at ucab.dsw.servicio.prueba_Opcion.findOpcion(prueba_Opcion.java:82)
	at prueba_Opcion_Test.findOpcionTest(prueba_Opcion_Test.java:52)
	at sun.reflect.NativeMethodAccessorImpl.invoke0(Native Method)
	at sun.reflect.NativeMethodAccessorImpl.invoke(NativeMethodAccessorImpl.java:62)
	at sun.reflect.DelegatingMethodAccessorImpl.invoke(DelegatingMethodAccessorImpl.java:43)
	at java.lang.reflect.Method.invoke(Method.java:498)
	at org.junit.runners.model.FrameworkMethod$1.runReflectiveCall(FrameworkMethod.java:59)
	at org.junit.internal.runners.model.ReflectiveCallable.run(ReflectiveCallable.java:12)
	at org.junit.runners.model.FrameworkMethod.invokeExplosively(FrameworkMethod.java:56)
	at org.junit.internal.runners.statements.InvokeMethod.evaluate(InvokeMethod.java:17)
	at org.junit.runners.ParentRunner$3.evaluate(ParentRunner.java:305)
	at org.junit.runners.BlockJUnit4ClassRunner$1.evaluate(BlockJUnit4ClassRunner.java:100)
	at org.junit.runners.ParentRunner.runLeaf(ParentRunner.java:365)
	at org.junit.runners.BlockJUnit4ClassRunner.runChild(BlockJUnit4ClassRunner.java:103)
	at org.junit.runners.BlockJUnit4ClassRunner.runChild(BlockJUnit4ClassRunner.java:63)
	at org.junit.runners.ParentRunner$4.run(ParentRunner.java:330)
	at org.junit.runners.ParentRunner$1.schedule(ParentRunner.java:78)
	at org.junit.runners.ParentRunner.runChildren(ParentRunner.java:328)
	at org.junit.runners.ParentRunner.access$100(ParentRunner.java:65)
	at org.junit.runners.ParentRunner$2.evaluate(ParentRunner.java:292)
	at org.junit.runners.ParentRunner$3.evaluate(ParentRunner.java:305)
	at org.junit.runners.ParentRunner.run(ParentRunner.java:412)
	at org.apache.maven.surefire.junit4.JUnit4Provider.execute(JUnit4Provider.java:252)
	at org.apache.maven.surefire.junit4.JUnit4Provider.executeTestSet(JUnit4Provider.java:141)
	at org.apache.maven.surefire.junit4.JUnit4Provider.invoke(JUnit4Provider.java:112)
	at sun.reflect.NativeMethodAccessorImpl.invoke0(Native Method)
	at sun.reflect.NativeMethodAccessorImpl.invoke(NativeMethodAccessorImpl.java:62)
	at sun.reflect.DelegatingMethodAccessorImpl.invoke(DelegatingMethodAccessorImpl.java:43)
	at java.lang.reflect.Method.invoke(Method.java:498)
	at org.apache.maven.surefire.util.ReflectionUtils.invokeMethodWithArray(ReflectionUtils.java:189)
	at org.apache.maven.surefire.booter.ProviderFactory$ProviderProxy.invoke(ProviderFactory.java:165)
	at org.apache.maven.surefire.booter.ProviderFactory.invokeProvider(ProviderFactory.java:85)
	at org.apache.maven.surefire.booter.ForkedBooter.runSuitesInProcess(ForkedBooter.java:115)
	at org.apache.maven.surefire.booter.ForkedBooter.main(ForkedBooter.java:75)
</error>
  </testcase>
  <testcase classname="prueba_Opcion_Test" name="addOpcionTest" time="0.017">
    <error message="Could not initialize class ucab.dsw.accesodatos.DaoOpcion" type="java.lang.NoClassDefFoundError">java.lang.NoClassDefFoundError: Could not initialize class ucab.dsw.accesodatos.DaoOpcion
	at ucab.dsw.servicio.prueba_Opcion.addOpcion(prueba_Opcion.java:26)
	at prueba_Opcion_Test.addOpcionTest(prueba_Opcion_Test.java:22)
	at sun.reflect.NativeMethodAccessorImpl.invoke0(Native Method)
	at sun.reflect.NativeMethodAccessorImpl.invoke(NativeMethodAccessorImpl.java:62)
	at sun.reflect.DelegatingMethodAccessorImpl.invoke(DelegatingMethodAccessorImpl.java:43)
	at java.lang.reflect.Method.invoke(Method.java:498)
	at org.junit.runners.model.FrameworkMethod$1.runReflectiveCall(FrameworkMethod.java:59)
	at org.junit.internal.runners.model.ReflectiveCallable.run(ReflectiveCallable.java:12)
	at org.junit.runners.model.FrameworkMethod.invokeExplosively(FrameworkMethod.java:56)
	at org.junit.internal.runners.statements.InvokeMethod.evaluate(InvokeMethod.java:17)
	at org.junit.runners.ParentRunner$3.evaluate(ParentRunner.java:305)
	at org.junit.runners.BlockJUnit4ClassRunner$1.evaluate(BlockJUnit4ClassRunner.java:100)
	at org.junit.runners.ParentRunner.runLeaf(ParentRunner.java:365)
	at org.junit.runners.BlockJUnit4ClassRunner.runChild(BlockJUnit4ClassRunner.java:103)
	at org.junit.runners.BlockJUnit4ClassRunner.runChild(BlockJUnit4ClassRunner.java:63)
	at org.junit.runners.ParentRunner$4.run(ParentRunner.java:330)
	at org.junit.runners.ParentRunner$1.schedule(ParentRunner.java:78)
	at org.junit.runners.ParentRunner.runChildren(ParentRunner.java:328)
	at org.junit.runners.ParentRunner.access$100(ParentRunner.java:65)
	at org.junit.runners.ParentRunner$2.evaluate(ParentRunner.java:292)
	at org.junit.runners.ParentRunner$3.evaluate(ParentRunner.java:305)
	at org.junit.runners.ParentRunner.run(ParentRunner.java:412)
	at org.apache.maven.surefire.junit4.JUnit4Provider.execute(JUnit4Provider.java:252)
	at org.apache.maven.surefire.junit4.JUnit4Provider.executeTestSet(JUnit4Provider.java:141)
	at org.apache.maven.surefire.junit4.JUnit4Provider.invoke(JUnit4Provider.java:112)
	at sun.reflect.NativeMethodAccessorImpl.invoke0(Native Method)
	at sun.reflect.NativeMethodAccessorImpl.invoke(NativeMethodAccessorImpl.java:62)
	at sun.reflect.DelegatingMethodAccessorImpl.invoke(DelegatingMethodAccessorImpl.java:43)
	at java.lang.reflect.Method.invoke(Method.java:498)
	at org.apache.maven.surefire.util.ReflectionUtils.invokeMethodWithArray(ReflectionUtils.java:189)
	at org.apache.maven.surefire.booter.ProviderFactory$ProviderProxy.invoke(ProviderFactory.java:165)
	at org.apache.maven.surefire.booter.ProviderFactory.invokeProvider(ProviderFactory.java:85)
	at org.apache.maven.surefire.booter.ForkedBooter.runSuitesInProcess(ForkedBooter.java:115)
	at org.apache.maven.surefire.booter.ForkedBooter.main(ForkedBooter.java:75)
</error>
  </testcase>
</testsuite>